{"total": {"lines":{"total":1981,"covered":224,"skipped":0,"pct":11.3},"statements":{"total":2048,"covered":228,"skipped":0,"pct":11.13},"functions":{"total":399,"covered":30,"skipped":0,"pct":7.51},"branches":{"total":682,"covered":62,"skipped":0,"pct":9.09},"branchesTrue":{"total":0,"covered":0,"skipped":0,"pct":100}}
,"/Users/halston/code/cc-workspace/evm-multisig-wallet/validator-service/backend/src/api/server.ts": {"lines":{"total":54,"covered":0,"skipped":0,"pct":0},"functions":{"total":17,"covered":0,"skipped":0,"pct":0},"statements":{"total":54,"covered":0,"skipped":0,"pct":0},"branches":{"total":9,"covered":0,"skipped":0,"pct":0}}
,"/Users/halston/code/cc-workspace/evm-multisig-wallet/validator-service/backend/src/api/middleware/errorHandler.ts": {"lines":{"total":57,"covered":0,"skipped":0,"pct":0},"functions":{"total":7,"covered":0,"skipped":0,"pct":0},"statements":{"total":61,"covered":0,"skipped":0,"pct":0},"branches":{"total":50,"covered":0,"skipped":0,"pct":0}}
,"/Users/halston/code/cc-workspace/evm-multisig-wallet/validator-service/backend/src/api/middleware/rateLimiting.ts": {"lines":{"total":121,"covered":0,"skipped":0,"pct":0},"functions":{"total":22,"covered":0,"skipped":0,"pct":0},"statements":{"total":124,"covered":0,"skipped":0,"pct":0},"branches":{"total":56,"covered":0,"skipped":0,"pct":0}}
,"/Users/halston/code/cc-workspace/evm-multisig-wallet/validator-service/backend/src/api/middleware/validation.ts": {"lines":{"total":96,"covered":0,"skipped":0,"pct":0},"functions":{"total":19,"covered":0,"skipped":0,"pct":0},"statements":{"total":102,"covered":0,"skipped":0,"pct":0},"branches":{"total":24,"covered":0,"skipped":0,"pct":0}}
,"/Users/halston/code/cc-workspace/evm-multisig-wallet/validator-service/backend/src/api/routes/health.ts": {"lines":{"total":15,"covered":0,"skipped":0,"pct":0},"functions":{"total":4,"covered":0,"skipped":0,"pct":0},"statements":{"total":16,"covered":0,"skipped":0,"pct":0},"branches":{"total":2,"covered":0,"skipped":0,"pct":0}}
,"/Users/halston/code/cc-workspace/evm-multisig-wallet/validator-service/backend/src/api/routes/index.ts": {"lines":{"total":10,"covered":0,"skipped":0,"pct":0},"functions":{"total":2,"covered":0,"skipped":0,"pct":0},"statements":{"total":11,"covered":0,"skipped":0,"pct":0},"branches":{"total":0,"covered":0,"skipped":0,"pct":100}}
,"/Users/halston/code/cc-workspace/evm-multisig-wallet/validator-service/backend/src/api/routes/wallets.ts": {"lines":{"total":51,"covered":0,"skipped":0,"pct":0},"functions":{"total":7,"covered":0,"skipped":0,"pct":0},"statements":{"total":53,"covered":0,"skipped":0,"pct":0},"branches":{"total":14,"covered":0,"skipped":0,"pct":0}}
,"/Users/halston/code/cc-workspace/evm-multisig-wallet/validator-service/backend/src/blockchain/contracts.ts": {"lines":{"total":117,"covered":6,"skipped":0,"pct":5.12},"functions":{"total":23,"covered":0,"skipped":0,"pct":0},"statements":{"total":119,"covered":6,"skipped":0,"pct":5.04},"branches":{"total":32,"covered":0,"skipped":0,"pct":0}}
,"/Users/halston/code/cc-workspace/evm-multisig-wallet/validator-service/backend/src/blockchain/eventListener.ts": {"lines":{"total":304,"covered":7,"skipped":0,"pct":2.3},"functions":{"total":35,"covered":0,"skipped":0,"pct":0},"statements":{"total":306,"covered":7,"skipped":0,"pct":2.28},"branches":{"total":139,"covered":0,"skipped":0,"pct":0}}
,"/Users/halston/code/cc-workspace/evm-multisig-wallet/validator-service/backend/src/config/index.ts": {"lines":{"total":18,"covered":10,"skipped":0,"pct":55.55},"functions":{"total":2,"covered":0,"skipped":0,"pct":0},"statements":{"total":20,"covered":10,"skipped":0,"pct":50},"branches":{"total":22,"covered":14,"skipped":0,"pct":63.63}}
,"/Users/halston/code/cc-workspace/evm-multisig-wallet/validator-service/backend/src/database/index.ts": {"lines":{"total":123,"covered":51,"skipped":0,"pct":41.46},"functions":{"total":25,"covered":11,"skipped":0,"pct":44},"statements":{"total":125,"covered":53,"skipped":0,"pct":42.4},"branches":{"total":40,"covered":13,"skipped":0,"pct":32.5}}
,"/Users/halston/code/cc-workspace/evm-multisig-wallet/validator-service/backend/src/models/index.ts": {"lines":{"total":47,"covered":4,"skipped":0,"pct":8.51},"functions":{"total":22,"covered":0,"skipped":0,"pct":0},"statements":{"total":48,"covered":4,"skipped":0,"pct":8.33},"branches":{"total":23,"covered":0,"skipped":0,"pct":0}}
,"/Users/halston/code/cc-workspace/evm-multisig-wallet/validator-service/backend/src/services/chainService.ts": {"lines":{"total":46,"covered":1,"skipped":0,"pct":2.17},"functions":{"total":19,"covered":0,"skipped":0,"pct":0},"statements":{"total":47,"covered":1,"skipped":0,"pct":2.12},"branches":{"total":24,"covered":0,"skipped":0,"pct":0}}
,"/Users/halston/code/cc-workspace/evm-multisig-wallet/validator-service/backend/src/services/eventProcessor.ts": {"lines":{"total":144,"covered":4,"skipped":0,"pct":2.77},"functions":{"total":30,"covered":0,"skipped":0,"pct":0},"statements":{"total":150,"covered":4,"skipped":0,"pct":2.66},"branches":{"total":39,"covered":0,"skipped":0,"pct":0}}
,"/Users/halston/code/cc-workspace/evm-multisig-wallet/validator-service/backend/src/services/slackNotifier.ts": {"lines":{"total":75,"covered":4,"skipped":0,"pct":5.33},"functions":{"total":13,"covered":0,"skipped":0,"pct":0},"statements":{"total":83,"covered":4,"skipped":0,"pct":4.81},"branches":{"total":45,"covered":0,"skipped":0,"pct":0}}
,"/Users/halston/code/cc-workspace/evm-multisig-wallet/validator-service/backend/src/services/validatorService.ts": {"lines":{"total":173,"covered":136,"skipped":0,"pct":78.61},"functions":{"total":27,"covered":19,"skipped":0,"pct":70.37},"statements":{"total":175,"covered":138,"skipped":0,"pct":78.85},"branches":{"total":37,"covered":35,"skipped":0,"pct":94.59}}
,"/Users/halston/code/cc-workspace/evm-multisig-wallet/validator-service/backend/src/utils/circuitBreaker.ts": {"lines":{"total":79,"covered":0,"skipped":0,"pct":0},"functions":{"total":23,"covered":0,"skipped":0,"pct":0},"statements":{"total":81,"covered":0,"skipped":0,"pct":0},"branches":{"total":12,"covered":0,"skipped":0,"pct":0}}
,"/Users/halston/code/cc-workspace/evm-multisig-wallet/validator-service/backend/src/utils/errors.ts": {"lines":{"total":109,"covered":0,"skipped":0,"pct":0},"functions":{"total":24,"covered":0,"skipped":0,"pct":0},"statements":{"total":115,"covered":0,"skipped":0,"pct":0},"branches":{"total":34,"covered":0,"skipped":0,"pct":0}}
,"/Users/halston/code/cc-workspace/evm-multisig-wallet/validator-service/backend/src/utils/logger.ts": {"lines":{"total":29,"covered":0,"skipped":0,"pct":0},"functions":{"total":2,"covered":0,"skipped":0,"pct":0},"statements":{"total":32,"covered":0,"skipped":0,"pct":0},"branches":{"total":17,"covered":0,"skipped":0,"pct":0}}
,"/Users/halston/code/cc-workspace/evm-multisig-wallet/validator-service/backend/src/utils/metrics.ts": {"lines":{"total":171,"covered":0,"skipped":0,"pct":0},"functions":{"total":46,"covered":0,"skipped":0,"pct":0},"statements":{"total":172,"covered":0,"skipped":0,"pct":0},"branches":{"total":35,"covered":0,"skipped":0,"pct":0}}
,"/Users/halston/code/cc-workspace/evm-multisig-wallet/validator-service/backend/src/utils/rateLimiter.ts": {"lines":{"total":142,"covered":1,"skipped":0,"pct":0.7},"functions":{"total":30,"covered":0,"skipped":0,"pct":0},"statements":{"total":154,"covered":1,"skipped":0,"pct":0.64},"branches":{"total":28,"covered":0,"skipped":0,"pct":0}}
}
