TN:
SF:src/api/server.ts
FN:26,(anonymous_1)
FN:43,(anonymous_2)
FN:63,(anonymous_3)
FN:71,(anonymous_4)
FN:79,(anonymous_5)
FN:84,(anonymous_6)
FN:88,(anonymous_7)
FN:93,(anonymous_8)
FN:103,(anonymous_9)
FN:108,(anonymous_10)
FN:109,(anonymous_11)
FN:111,(anonymous_12)
FN:121,(anonymous_13)
FN:137,(anonymous_14)
FN:139,(anonymous_15)
FN:140,(anonymous_16)
FN:148,(anonymous_17)
FNF:17
FNH:0
FNDA:0,(anonymous_1)
FNDA:0,(anonymous_2)
FNDA:0,(anonymous_3)
FNDA:0,(anonymous_4)
FNDA:0,(anonymous_5)
FNDA:0,(anonymous_6)
FNDA:0,(anonymous_7)
FNDA:0,(anonymous_8)
FNDA:0,(anonymous_9)
FNDA:0,(anonymous_10)
FNDA:0,(anonymous_11)
FNDA:0,(anonymous_12)
FNDA:0,(anonymous_13)
FNDA:0,(anonymous_14)
FNDA:0,(anonymous_15)
FNDA:0,(anonymous_16)
FNDA:0,(anonymous_17)
DA:2,0
DA:3,0
DA:4,0
DA:8,0
DA:9,0
DA:18,0
DA:32,0
DA:33,0
DA:34,0
DA:35,0
DA:36,0
DA:38,0
DA:39,0
DA:40,0
DA:45,0
DA:46,0
DA:49,0
DA:50,0
DA:55,0
DA:59,0
DA:60,0
DA:61,0
DA:64,0
DA:71,0
DA:72,0
DA:73,0
DA:74,0
DA:75,0
DA:81,0
DA:84,0
DA:85,0
DA:88,0
DA:89,0
DA:93,0
DA:94,0
DA:105,0
DA:109,0
DA:110,0
DA:111,0
DA:112,0
DA:118,0
DA:121,0
DA:122,0
DA:123,0
DA:125,0
DA:127,0
DA:131,0
DA:132,0
DA:138,0
DA:139,0
DA:140,0
DA:141,0
DA:142,0
DA:149,0
LF:54
LH:0
BRDA:49,0,0,0
BRDA:51,1,0,0
BRDA:51,1,1,0
BRDA:59,2,0,0
BRDA:60,3,0,0
BRDA:60,3,1,0
BRDA:122,4,0,0
BRDA:122,4,1,0
BRDA:138,5,0,0
BRF:9
BRH:0
end_of_record
TN:
SF:src/api/middleware/errorHandler.ts
FN:20,(anonymous_0)
FN:21,(anonymous_1)
FN:167,sanitizeRequestBody
FN:195,(anonymous_3)
FN:196,(anonymous_4)
FN:202,(anonymous_5)
FN:237,(anonymous_6)
FNF:7
FNH:0
FNDA:0,(anonymous_0)
FNDA:0,(anonymous_1)
FNDA:0,sanitizeRequestBody
FNDA:0,(anonymous_3)
FNDA:0,(anonymous_4)
FNDA:0,(anonymous_5)
FNDA:0,(anonymous_6)
DA:4,0
DA:5,0
DA:20,0
DA:21,0
DA:22,0
DA:26,0
DA:27,0
DA:28,0
DA:29,0
DA:30,0
DA:32,0
DA:33,0
DA:35,0
DA:36,0
DA:46,0
DA:48,0
DA:49,0
DA:58,0
DA:59,0
DA:67,0
DA:68,0
DA:76,0
DA:77,0
DA:88,0
DA:92,0
DA:122,0
DA:123,0
DA:124,0
DA:125,0
DA:127,0
DA:131,0
DA:143,0
DA:144,0
DA:145,0
DA:149,0
DA:150,0
DA:155,0
DA:162,0
DA:168,0
DA:169,0
DA:172,0
DA:183,0
DA:185,0
DA:186,0
DA:187,0
DA:191,0
DA:195,0
DA:196,0
DA:197,0
DA:202,0
DA:203,0
DA:217,0
DA:228,0
DA:237,0
DA:238,0
DA:239,0
DA:240,0
LF:57
LH:0
BRDA:26,0,0,0
BRDA:26,0,1,0
BRDA:28,1,0,0
BRDA:28,1,1,0
BRDA:30,2,0,0
BRDA:30,2,1,0
BRDA:30,3,0,0
BRDA:30,3,1,0
BRDA:30,3,2,0
BRDA:33,4,0,0
BRDA:33,4,1,0
BRDA:33,5,0,0
BRDA:33,5,1,0
BRDA:35,6,0,0
BRDA:35,6,1,0
BRDA:48,7,0,0
BRDA:48,7,1,0
BRDA:58,8,0,0
BRDA:58,8,1,0
BRDA:67,9,0,0
BRDA:67,9,1,0
BRDA:76,10,0,0
BRDA:76,10,1,0
BRDA:76,11,0,0
BRDA:76,11,1,0
BRDA:76,11,2,0
BRDA:107,12,0,0
BRDA:107,12,1,0
BRDA:111,13,0,0
BRDA:111,13,1,0
BRDA:113,14,0,0
BRDA:113,14,1,0
BRDA:114,15,0,0
BRDA:114,15,1,0
BRDA:117,16,0,0
BRDA:117,16,1,0
BRDA:122,17,0,0
BRDA:122,17,1,0
BRDA:124,18,0,0
BRDA:124,18,1,0
BRDA:143,19,0,0
BRDA:144,20,0,0
BRDA:149,21,0,0
BRDA:149,22,0,0
BRDA:149,22,1,0
BRDA:168,23,0,0
BRDA:168,24,0,0
BRDA:168,24,1,0
BRDA:186,25,0,0
BRDA:237,26,0,0
BRF:50
BRH:0
end_of_record
TN:
SF:src/api/middleware/rateLimiting.ts
FN:32,(anonymous_1)
FN:38,(anonymous_2)
FN:47,(anonymous_3)
FN:62,(anonymous_4)
FN:67,(anonymous_5)
FN:72,(anonymous_6)
FN:84,(anonymous_7)
FN:125,(anonymous_8)
FN:156,(anonymous_9)
FN:175,(anonymous_10)
FN:183,(anonymous_11)
FN:260,(anonymous_12)
FN:278,(anonymous_13)
FN:288,(anonymous_14)
FN:297,(anonymous_15)
FN:317,(anonymous_16)
FN:334,(anonymous_17)
FN:347,(anonymous_18)
FN:359,(anonymous_19)
FN:370,(anonymous_20)
FN:382,(anonymous_21)
FN:395,(anonymous_22)
FNF:22
FNH:0
FNDA:0,(anonymous_1)
FNDA:0,(anonymous_2)
FNDA:0,(anonymous_3)
FNDA:0,(anonymous_4)
FNDA:0,(anonymous_5)
FNDA:0,(anonymous_6)
FNDA:0,(anonymous_7)
FNDA:0,(anonymous_8)
FNDA:0,(anonymous_9)
FNDA:0,(anonymous_10)
FNDA:0,(anonymous_11)
FNDA:0,(anonymous_12)
FNDA:0,(anonymous_13)
FNDA:0,(anonymous_14)
FNDA:0,(anonymous_15)
FNDA:0,(anonymous_16)
FNDA:0,(anonymous_17)
FNDA:0,(anonymous_18)
FNDA:0,(anonymous_19)
FNDA:0,(anonymous_20)
FNDA:0,(anonymous_21)
FNDA:0,(anonymous_22)
DA:3,0
DA:4,0
DA:6,0
DA:7,0
DA:26,0
DA:29,0
DA:30,0
DA:33,0
DA:34,0
DA:35,0
DA:39,0
DA:40,0
DA:48,0
DA:49,0
DA:50,0
DA:52,0
DA:53,0
DA:55,0
DA:56,0
DA:58,0
DA:62,0
DA:63,0
DA:64,0
DA:67,0
DA:68,0
DA:69,0
DA:72,0
DA:73,0
DA:76,0
DA:79,0
DA:86,0
DA:94,0
DA:102,0
DA:111,0
DA:118,0
DA:126,0
DA:127,0
DA:138,0
DA:144,0
DA:151,0
DA:161,0
DA:163,0
DA:164,0
DA:165,0
DA:166,0
DA:167,0
DA:169,0
DA:172,0
DA:183,0
DA:184,0
DA:186,0
DA:187,0
DA:191,0
DA:196,0
DA:197,0
DA:198,0
DA:202,0
DA:205,0
DA:207,0
DA:211,0
DA:214,0
DA:215,0
DA:219,0
DA:233,0
DA:234,0
DA:235,0
DA:239,0
DA:253,0
DA:255,0
DA:262,0
DA:263,0
DA:266,0
DA:267,0
DA:268,0
DA:269,0
DA:274,0
DA:275,0
DA:279,0
DA:280,0
DA:281,0
DA:282,0
DA:283,0
DA:285,0
DA:289,0
DA:302,0
DA:303,0
DA:304,0
DA:307,0
DA:308,0
DA:309,0
DA:311,0
DA:312,0
DA:318,0
DA:319,0
DA:320,0
DA:323,0
DA:324,0
DA:325,0
DA:326,0
DA:328,0
DA:329,0
DA:335,0
DA:337,0
DA:338,0
DA:344,0
DA:348,0
DA:349,0
DA:350,0
DA:351,0
DA:357,0
DA:359,0
DA:360,0
DA:361,0
DA:362,0
DA:364,0
DA:366,0
DA:370,0
DA:371,0
DA:373,0
DA:384,0
DA:396,0
LF:121
LH:0
BRDA:48,0,0,0
BRDA:48,1,0,0
BRDA:48,1,1,0
BRDA:52,2,0,0
BRDA:55,3,0,0
BRDA:129,4,0,0
BRDA:129,4,1,0
BRDA:132,5,0,0
BRDA:132,5,1,0
BRDA:134,6,0,0
BRDA:134,6,1,0
BRDA:135,7,0,0
BRDA:135,7,1,0
BRDA:147,8,0,0
BRDA:147,8,1,0
BRDA:163,9,0,0
BRDA:166,10,0,0
BRDA:186,11,0,0
BRDA:186,12,0,0
BRDA:186,12,1,0
BRDA:191,13,0,0
BRDA:191,13,1,0
BRDA:196,14,0,0
BRDA:214,15,0,0
BRDA:221,16,0,0
BRDA:221,16,1,0
BRDA:233,17,0,0
BRDA:262,18,0,0
BRDA:262,18,1,0
BRDA:262,18,2,0
BRDA:263,19,0,0
BRDA:263,19,1,0
BRDA:266,20,0,0
BRDA:266,21,0,0
BRDA:266,21,1,0
BRDA:267,22,0,0
BRDA:267,22,1,0
BRDA:267,22,2,0
BRDA:268,23,0,0
BRDA:290,24,0,0
BRDA:290,24,1,0
BRDA:291,25,0,0
BRDA:291,25,1,0
BRDA:292,26,0,0
BRDA:292,26,1,0
BRDA:303,27,0,0
BRDA:303,28,0,0
BRDA:303,28,1,0
BRDA:319,29,0,0
BRDA:319,30,0,0
BRDA:319,30,1,0
BRDA:348,31,0,0
BRDA:348,32,0,0
BRDA:348,32,1,0
BRDA:360,33,0,0
BRDA:361,34,0,0
BRF:56
BRH:0
end_of_record
TN:
SF:src/api/middleware/validation.ts
FN:137,(anonymous_1)
FN:138,(anonymous_2)
FN:153,(anonymous_3)
FN:171,(anonymous_4)
FN:172,(anonymous_5)
FN:187,(anonymous_6)
FN:205,(anonymous_7)
FN:206,(anonymous_8)
FN:221,(anonymous_9)
FN:240,(anonymous_10)
FN:246,(anonymous_11)
FN:262,(anonymous_12)
FN:286,(anonymous_13)
FN:310,(anonymous_14)
FN:337,(anonymous_15)
FN:339,(anonymous_16)
FN:343,(anonymous_17)
FN:382,(anonymous_18)
FN:383,(anonymous_19)
FNF:19
FNH:0
FNDA:0,(anonymous_1)
FNDA:0,(anonymous_2)
FNDA:0,(anonymous_3)
FNDA:0,(anonymous_4)
FNDA:0,(anonymous_5)
FNDA:0,(anonymous_6)
FNDA:0,(anonymous_7)
FNDA:0,(anonymous_8)
FNDA:0,(anonymous_9)
FNDA:0,(anonymous_10)
FNDA:0,(anonymous_11)
FNDA:0,(anonymous_12)
FNDA:0,(anonymous_13)
FNDA:0,(anonymous_14)
FNDA:0,(anonymous_15)
FNDA:0,(anonymous_16)
FNDA:0,(anonymous_17)
FNDA:0,(anonymous_18)
FNDA:0,(anonymous_19)
DA:3,0
DA:4,0
DA:5,0
DA:8,0
DA:52,0
DA:83,0
DA:103,0
DA:123,0
DA:137,0
DA:138,0
DA:139,0
DA:146,0
DA:148,0
DA:149,0
DA:150,0
DA:153,0
DA:162,0
DA:166,0
DA:167,0
DA:171,0
DA:172,0
DA:173,0
DA:180,0
DA:182,0
DA:183,0
DA:184,0
DA:187,0
DA:196,0
DA:200,0
DA:201,0
DA:205,0
DA:206,0
DA:207,0
DA:214,0
DA:216,0
DA:217,0
DA:218,0
DA:221,0
DA:230,0
DA:234,0
DA:235,0
DA:240,0
DA:246,0
DA:247,0
DA:248,0
DA:251,0
DA:252,0
DA:259,0
DA:260,0
DA:262,0
DA:270,0
DA:275,0
DA:276,0
DA:283,0
DA:284,0
DA:286,0
DA:294,0
DA:299,0
DA:300,0
DA:307,0
DA:308,0
DA:310,0
DA:318,0
DA:323,0
DA:324,0
DA:329,0
DA:332,0
DA:337,0
DA:339,0
DA:340,0
DA:343,0
DA:344,0
DA:345,0
DA:348,0
DA:349,0
DA:352,0
DA:353,0
DA:354,0
DA:355,0
DA:357,0
DA:360,0
DA:364,0
DA:365,0
DA:368,0
DA:369,0
DA:372,0
DA:373,0
DA:376,0
DA:380,0
DA:382,0
DA:383,0
DA:384,0
DA:386,0
DA:387,0
DA:396,0
DA:399,0
LF:96
LH:0
BRDA:148,0,0,0
BRDA:182,1,0,0
BRDA:216,2,0,0
BRDA:251,3,0,0
BRDA:259,4,0,0
BRDA:259,4,1,0
BRDA:275,5,0,0
BRDA:283,6,0,0
BRDA:283,6,1,0
BRDA:299,7,0,0
BRDA:307,8,0,0
BRDA:307,8,1,0
BRDA:323,9,0,0
BRDA:344,10,0,0
BRDA:348,11,0,0
BRDA:352,12,0,0
BRDA:352,13,0,0
BRDA:352,13,1,0
BRDA:364,14,0,0
BRDA:368,15,0,0
BRDA:372,16,0,0
BRDA:386,17,0,0
BRDA:386,18,0,0
BRDA:386,18,1,0
BRF:24
BRH:0
end_of_record
TN:
SF:src/api/routes/health.ts
FN:6,(anonymous_0)
FN:10,(anonymous_1)
FN:17,(anonymous_2)
FN:23,(anonymous_3)
FNF:4
FNH:0
FNDA:0,(anonymous_0)
FNDA:0,(anonymous_1)
FNDA:0,(anonymous_2)
FNDA:0,(anonymous_3)
DA:2,0
DA:4,0
DA:6,0
DA:7,0
DA:10,0
DA:11,0
DA:12,0
DA:13,0
DA:17,0
DA:18,0
DA:19,0
DA:23,0
DA:24,0
DA:25,0
DA:31,0
LF:15
LH:0
BRDA:12,0,0,0
BRDA:12,0,1,0
BRF:2
BRH:0
end_of_record
TN:
SF:src/api/routes/index.ts
FN:8,(anonymous_0)
FN:16,(anonymous_1)
FNF:2
FNH:0
FNDA:0,(anonymous_0)
FNDA:0,(anonymous_1)
DA:2,0
DA:5,0
DA:6,0
DA:8,0
DA:9,0
DA:12,0
DA:13,0
DA:16,0
DA:17,0
DA:36,0
LF:10
LH:0
BRF:0
BRH:0
end_of_record
TN:
SF:src/api/routes/wallets.ts
FN:8,(anonymous_0)
FN:15,(anonymous_1)
FN:45,(anonymous_2)
FN:65,(anonymous_3)
FN:74,(anonymous_4)
FN:96,(anonymous_5)
FN:109,(anonymous_6)
FNF:7
FNH:0
FNDA:0,(anonymous_0)
FNDA:0,(anonymous_1)
FNDA:0,(anonymous_2)
FNDA:0,(anonymous_3)
FNDA:0,(anonymous_4)
FNDA:0,(anonymous_5)
FNDA:0,(anonymous_6)
DA:2,0
DA:4,0
DA:5,0
DA:6,0
DA:8,0
DA:9,0
DA:12,0
DA:16,0
DA:18,0
DA:19,0
DA:21,0
DA:28,0
DA:29,0
DA:30,0
DA:32,0
DA:33,0
DA:35,0
DA:36,0
DA:39,0
DA:45,0
DA:46,0
DA:49,0
DA:50,0
DA:54,0
DA:55,0
DA:56,0
DA:58,0
DA:66,0
DA:67,0
DA:74,0
DA:75,0
DA:76,0
DA:78,0
DA:79,0
DA:82,0
DA:83,0
DA:86,0
DA:88,0
DA:96,0
DA:97,0
DA:98,0
DA:100,0
DA:101,0
DA:104,0
DA:105,0
DA:108,0
DA:109,0
DA:111,0
DA:112,0
DA:115,0
DA:121,0
LF:51
LH:0
BRDA:28,0,0,0
BRDA:29,1,0,0
BRDA:32,2,0,0
BRDA:35,3,0,0
BRDA:49,4,0,0
BRDA:49,5,0,0
BRDA:49,5,1,0
BRDA:66,6,0,0
BRDA:66,6,1,0
BRDA:78,7,0,0
BRDA:82,8,0,0
BRDA:100,9,0,0
BRDA:104,10,0,0
BRDA:111,11,0,0
BRF:14
BRH:0
end_of_record
TN:
SF:src/blockchain/contracts.ts
FN:138,(anonymous_0)
FN:154,(anonymous_1)
FN:162,(anonymous_2)
FN:171,(anonymous_3)
FN:180,(anonymous_4)
FN:194,(anonymous_5)
FN:202,(anonymous_6)
FN:211,(anonymous_7)
FN:219,(anonymous_8)
FN:231,(anonymous_9)
FN:244,(anonymous_10)
FN:253,(anonymous_11)
FN:272,(anonymous_12)
FN:303,(anonymous_13)
FN:318,(anonymous_14)
FN:333,(anonymous_15)
FN:337,(anonymous_16)
FN:345,(anonymous_17)
FN:398,(anonymous_18)
FN:405,(anonymous_19)
FN:418,(anonymous_20)
FN:426,(anonymous_21)
FN:436,(anonymous_22)
FNF:23
FNH:0
FNDA:0,(anonymous_0)
FNDA:0,(anonymous_1)
FNDA:0,(anonymous_2)
FNDA:0,(anonymous_3)
FNDA:0,(anonymous_4)
FNDA:0,(anonymous_5)
FNDA:0,(anonymous_6)
FNDA:0,(anonymous_7)
FNDA:0,(anonymous_8)
FNDA:0,(anonymous_9)
FNDA:0,(anonymous_10)
FNDA:0,(anonymous_11)
FNDA:0,(anonymous_12)
FNDA:0,(anonymous_13)
FNDA:0,(anonymous_14)
FNDA:0,(anonymous_15)
FNDA:0,(anonymous_16)
FNDA:0,(anonymous_17)
FNDA:0,(anonymous_18)
FNDA:0,(anonymous_19)
FNDA:0,(anonymous_20)
FNDA:0,(anonymous_21)
FNDA:0,(anonymous_22)
DA:2,1
DA:8,1
DA:48,1
DA:134,1
DA:143,0
DA:144,0
DA:146,0
DA:147,0
DA:155,0
DA:156,0
DA:158,0
DA:163,0
DA:164,0
DA:165,0
DA:167,0
DA:172,0
DA:173,0
DA:174,0
DA:176,0
DA:181,0
DA:182,0
DA:183,0
DA:190,0
DA:195,0
DA:196,0
DA:198,0
DA:203,0
DA:204,0
DA:205,0
DA:207,0
DA:212,0
DA:213,0
DA:215,0
DA:220,0
DA:221,0
DA:222,0
DA:223,0
DA:225,0
DA:227,0
DA:232,0
DA:233,0
DA:234,0
DA:236,0
DA:249,0
DA:250,0
DA:251,0
DA:253,0
DA:254,0
DA:255,0
DA:268,0
DA:276,0
DA:277,0
DA:290,0
DA:292,0
DA:293,0
DA:294,0
DA:295,0
DA:298,0
DA:303,0
DA:304,0
DA:305,0
DA:307,0
DA:310,0
DA:319,0
DA:321,0
DA:322,0
DA:323,0
DA:324,0
DA:326,0
DA:330,0
DA:334,0
DA:338,0
DA:346,0
DA:347,0
DA:348,0
DA:351,0
DA:353,0
DA:354,0
DA:357,0
DA:360,0
DA:361,0
DA:362,0
DA:363,0
DA:365,0
DA:366,0
DA:367,0
DA:369,0
DA:375,0
DA:381,0
DA:395,1
DA:396,0
DA:399,0
DA:400,0
DA:401,0
DA:410,0
DA:411,0
DA:412,0
DA:415,0
DA:419,0
DA:420,0
DA:421,0
DA:423,0
DA:427,0
DA:428,0
DA:429,0
DA:430,0
DA:432,0
DA:437,0
DA:438,0
DA:441,0
DA:442,0
DA:444,0
DA:446,0
DA:447,0
DA:448,0
DA:450,0
DA:456,1
LF:117
LH:6
BRDA:141,0,0,0
BRDA:144,1,0,0
BRDA:144,1,1,0
BRDA:221,2,0,0
BRDA:246,3,0,0
BRDA:247,4,0,0
BRDA:256,5,0,0
BRDA:256,5,1,0
BRDA:262,6,0,0
BRDA:262,6,1,0
BRDA:263,7,0,0
BRDA:263,7,1,0
BRDA:264,8,0,0
BRDA:264,8,1,0
BRDA:273,9,0,0
BRDA:274,10,0,0
BRDA:304,11,0,0
BRDA:323,12,0,0
BRDA:323,12,1,0
BRDA:347,13,0,0
BRDA:347,14,0,0
BRDA:347,14,1,0
BRDA:353,15,0,0
BRDA:360,16,0,0
BRDA:365,17,0,0
BRDA:366,18,0,0
BRDA:366,18,1,0
BRDA:385,19,0,0
BRDA:385,19,1,0
BRDA:408,20,0,0
BRDA:411,21,0,0
BRDA:420,22,0,0
BRF:32
BRH:0
end_of_record
TN:
SF:src/blockchain/eventListener.ts
FN:105,(anonymous_1)
FN:116,(anonymous_2)
FN:132,(anonymous_3)
FN:140,(anonymous_4)
FN:147,(anonymous_5)
FN:149,(anonymous_6)
FN:156,(anonymous_7)
FN:167,(anonymous_8)
FN:177,(anonymous_9)
FN:198,(anonymous_10)
FN:241,(anonymous_11)
FN:242,(anonymous_12)
FN:253,(anonymous_13)
FN:266,(anonymous_14)
FN:275,(anonymous_15)
FN:369,(anonymous_16)
FN:393,(anonymous_17)
FN:461,(anonymous_18)
FN:498,(anonymous_19)
FN:589,(anonymous_20)
FN:661,(anonymous_21)
FN:695,(anonymous_22)
FN:714,(anonymous_23)
FN:739,(anonymous_24)
FN:764,(anonymous_25)
FN:783,(anonymous_26)
FN:802,(anonymous_27)
FN:835,(anonymous_28)
FN:865,(anonymous_29)
FN:899,(anonymous_30)
FN:943,(anonymous_31)
FN:947,(anonymous_32)
FN:955,(anonymous_33)
FN:968,(anonymous_34)
FN:976,(anonymous_35)
FNF:35
FNH:0
FNDA:0,(anonymous_1)
FNDA:0,(anonymous_2)
FNDA:0,(anonymous_3)
FNDA:0,(anonymous_4)
FNDA:0,(anonymous_5)
FNDA:0,(anonymous_6)
FNDA:0,(anonymous_7)
FNDA:0,(anonymous_8)
FNDA:0,(anonymous_9)
FNDA:0,(anonymous_10)
FNDA:0,(anonymous_11)
FNDA:0,(anonymous_12)
FNDA:0,(anonymous_13)
FNDA:0,(anonymous_14)
FNDA:0,(anonymous_15)
FNDA:0,(anonymous_16)
FNDA:0,(anonymous_17)
FNDA:0,(anonymous_18)
FNDA:0,(anonymous_19)
FNDA:0,(anonymous_20)
FNDA:0,(anonymous_21)
FNDA:0,(anonymous_22)
FNDA:0,(anonymous_23)
FNDA:0,(anonymous_24)
FNDA:0,(anonymous_25)
FNDA:0,(anonymous_26)
FNDA:0,(anonymous_27)
FNDA:0,(anonymous_28)
FNDA:0,(anonymous_29)
FNDA:0,(anonymous_30)
FNDA:0,(anonymous_31)
FNDA:0,(anonymous_32)
FNDA:0,(anonymous_33)
FNDA:0,(anonymous_34)
FNDA:0,(anonymous_35)
DA:3,1
DA:5,1
DA:15,1
DA:20,1
DA:21,1
DA:22,1
DA:95,1
DA:99,0
DA:100,0
DA:101,0
DA:102,0
DA:103,0
DA:106,0
DA:107,0
DA:108,0
DA:109,0
DA:117,0
DA:118,0
DA:120,0
DA:127,0
DA:128,0
DA:133,0
DA:134,0
DA:136,0
DA:139,0
DA:140,0
DA:142,0
DA:143,0
DA:148,0
DA:149,0
DA:157,0
DA:158,0
DA:159,0
DA:162,0
DA:163,0
DA:166,0
DA:167,0
DA:170,0
DA:171,0
DA:174,0
DA:178,0
DA:179,0
DA:182,0
DA:183,0
DA:186,0
DA:187,0
DA:188,0
DA:191,0
DA:199,0
DA:200,0
DA:203,0
DA:206,0
DA:207,0
DA:208,0
DA:209,0
DA:213,0
DA:224,0
DA:225,0
DA:226,0
DA:234,0
DA:238,0
DA:241,0
DA:242,0
DA:243,0
DA:246,0
DA:249,0
DA:254,0
DA:255,0
DA:256,0
DA:257,0
DA:258,0
DA:267,0
DA:268,0
DA:271,0
DA:272,0
DA:274,0
DA:275,0
DA:276,0
DA:277,0
DA:281,0
DA:282,0
DA:283,0
DA:287,0
DA:288,0
DA:291,0
DA:292,0
DA:294,0
DA:295,0
DA:298,0
DA:300,0
DA:302,0
DA:307,0
DA:311,0
DA:316,0
DA:324,0
DA:326,0
DA:327,0
DA:330,0
DA:332,0
DA:333,0
DA:338,0
DA:345,0
DA:346,0
DA:350,0
DA:352,0
DA:353,0
DA:357,0
DA:359,0
DA:361,0
DA:374,0
DA:375,0
DA:381,0
DA:383,0
DA:384,0
DA:388,0
DA:389,0
DA:394,0
DA:397,0
DA:398,0
DA:400,0
DA:401,0
DA:404,0
DA:418,0
DA:420,0
DA:421,0
DA:423,0
DA:424,0
DA:426,0
DA:427,0
DA:429,0
DA:430,0
DA:432,0
DA:433,0
DA:435,0
DA:436,0
DA:438,0
DA:439,0
DA:441,0
DA:442,0
DA:444,0
DA:445,0
DA:449,0
DA:452,0
DA:453,0
DA:467,0
DA:468,0
DA:469,0
DA:471,0
DA:478,0
DA:495,0
DA:496,0
DA:497,0
DA:498,0
DA:499,0
DA:502,0
DA:503,0
DA:509,0
DA:513,0
DA:514,0
DA:515,0
DA:517,0
DA:518,0
DA:520,0
DA:523,0
DA:525,0
DA:529,0
DA:531,0
DA:532,0
DA:536,0
DA:539,0
DA:542,0
DA:544,0
DA:545,0
DA:549,0
DA:550,0
DA:551,0
DA:554,0
DA:557,0
DA:558,0
DA:560,0
DA:572,0
DA:574,0
DA:581,0
DA:595,0
DA:596,0
DA:604,0
DA:605,0
DA:606,0
DA:607,0
DA:609,0
DA:610,0
DA:615,0
DA:617,0
DA:618,0
DA:619,0
DA:621,0
DA:624,0
DA:628,0
DA:629,0
DA:633,0
DA:634,0
DA:635,0
DA:638,0
DA:640,0
DA:648,0
DA:654,0
DA:668,0
DA:669,0
DA:673,0
DA:674,0
DA:678,0
DA:679,0
DA:680,0
DA:683,0
DA:689,0
DA:700,0
DA:702,0
DA:708,0
DA:719,0
DA:727,0
DA:733,0
DA:744,0
DA:752,0
DA:758,0
DA:769,0
DA:771,0
DA:777,0
DA:788,0
DA:790,0
DA:796,0
DA:808,0
DA:809,0
DA:811,0
DA:813,0
DA:818,0
DA:824,0
DA:841,0
DA:842,0
DA:843,0
DA:844,0
DA:845,0
DA:846,0
DA:847,0
DA:848,0
DA:849,0
DA:850,0
DA:851,0
DA:853,0
DA:857,0
DA:858,0
DA:862,0
DA:866,0
DA:867,0
DA:868,0
DA:869,0
DA:872,0
DA:873,0
DA:875,0
DA:876,0
DA:879,0
DA:880,0
DA:884,0
DA:886,0
DA:888,0
DA:889,0
DA:890,0
DA:895,0
DA:901,0
DA:902,0
DA:903,0
DA:904,0
DA:905,0
DA:908,0
DA:909,0
DA:911,0
DA:912,0
DA:917,0
DA:918,0
DA:919,0
DA:921,0
DA:922,0
DA:923,0
DA:925,0
DA:926,0
DA:927,0
DA:928,0
DA:931,0
DA:936,0
DA:937,0
DA:940,0
DA:944,0
DA:948,0
DA:962,0
DA:964,0
DA:969,0
DA:970,0
DA:977,0
DA:979,0
DA:980,0
DA:981,0
DA:982,0
DA:984,0
DA:985,0
DA:989,0
LF:304
LH:7
BRDA:127,0,0,0
BRDA:142,1,0,0
BRDA:149,2,0,0
BRDA:149,2,1,0
BRDA:157,3,0,0
BRDA:178,4,0,0
BRDA:199,5,0,0
BRDA:207,6,0,0
BRDA:224,7,0,0
BRDA:234,8,0,0
BRDA:234,8,1,0
BRDA:234,9,0,0
BRDA:234,9,1,0
BRDA:255,10,0,0
BRDA:267,11,0,0
BRDA:276,12,0,0
BRDA:282,13,0,0
BRDA:282,14,0,0
BRDA:282,14,1,0
BRDA:287,15,0,0
BRDA:294,16,0,0
BRDA:300,17,0,0
BRDA:326,18,0,0
BRDA:332,19,0,0
BRDA:345,20,0,0
BRDA:352,21,0,0
BRDA:357,22,0,0
BRDA:357,22,1,0
BRDA:418,23,0,0
BRDA:418,23,1,0
BRDA:418,23,2,0
BRDA:418,23,3,0
BRDA:418,23,4,0
BRDA:418,23,5,0
BRDA:418,23,6,0
BRDA:418,23,7,0
BRDA:418,23,8,0
BRDA:484,24,0,0
BRDA:484,24,1,0
BRDA:485,25,0,0
BRDA:485,25,1,0
BRDA:495,26,0,0
BRDA:497,27,0,0
BRDA:513,28,0,0
BRDA:513,28,1,0
BRDA:513,29,0,0
BRDA:513,29,1,0
BRDA:515,30,0,0
BRDA:515,30,1,0
BRDA:515,31,0,0
BRDA:515,31,1,0
BRDA:515,31,2,0
BRDA:518,32,0,0
BRDA:518,32,1,0
BRDA:518,33,0,0
BRDA:518,33,1,0
BRDA:523,34,0,0
BRDA:523,35,0,0
BRDA:523,35,1,0
BRDA:531,36,0,0
BRDA:531,37,0,0
BRDA:531,37,1,0
BRDA:539,38,0,0
BRDA:539,38,1,0
BRDA:549,39,0,0
BRDA:549,40,0,0
BRDA:549,40,1,0
BRDA:562,41,0,0
BRDA:562,41,1,0
BRDA:598,42,0,0
BRDA:598,42,1,0
BRDA:599,43,0,0
BRDA:599,43,1,0
BRDA:604,44,0,0
BRDA:604,44,1,0
BRDA:604,45,0,0
BRDA:604,45,1,0
BRDA:606,46,0,0
BRDA:606,46,1,0
BRDA:606,47,0,0
BRDA:606,47,1,0
BRDA:617,48,0,0
BRDA:617,48,1,0
BRDA:617,49,0,0
BRDA:617,49,1,0
BRDA:619,50,0,0
BRDA:619,51,0,0
BRDA:619,51,1,0
BRDA:624,52,0,0
BRDA:624,52,1,0
BRDA:626,53,0,0
BRDA:626,53,1,0
BRDA:633,54,0,0
BRDA:633,55,0,0
BRDA:633,55,1,0
BRDA:669,56,0,0
BRDA:669,56,1,0
BRDA:671,57,0,0
BRDA:671,57,1,0
BRDA:678,58,0,0
BRDA:678,59,0,0
BRDA:678,59,1,0
BRDA:808,60,0,0
BRDA:808,60,1,0
BRDA:809,61,0,0
BRDA:809,61,1,0
BRDA:841,62,0,0
BRDA:842,63,0,0
BRDA:842,63,1,0
BRDA:844,64,0,0
BRDA:844,64,1,0
BRDA:846,65,0,0
BRDA:846,65,1,0
BRDA:848,66,0,0
BRDA:848,66,1,0
BRDA:850,67,0,0
BRDA:857,68,0,0
BRDA:857,69,0,0
BRDA:857,69,1,0
BRDA:868,70,0,0
BRDA:875,71,0,0
BRDA:879,72,0,0
BRDA:879,73,0,0
BRDA:879,73,1,0
BRDA:889,74,0,0
BRDA:895,75,0,0
BRDA:895,75,1,0
BRDA:901,76,0,0
BRDA:901,77,0,0
BRDA:901,77,1,0
BRDA:904,78,0,0
BRDA:911,79,0,0
BRDA:917,80,0,0
BRDA:917,81,0,0
BRDA:917,81,1,0
BRDA:927,82,0,0
BRDA:931,83,0,0
BRDA:931,83,1,0
BRDA:936,84,0,0
BRF:139
BRH:0
end_of_record
TN:
SF:src/config/index.ts
FN:81,(anonymous_1)
FN:257,(anonymous_2)
FNF:2
FNH:0
FNDA:0,(anonymous_1)
FNDA:0,(anonymous_2)
DA:2,3
DA:3,3
DA:6,3
DA:7,3
DA:9,0
DA:13,3
DA:75,3
DA:80,3
DA:81,0
DA:153,3
DA:244,3
DA:245,0
DA:255,0
DA:256,0
DA:257,0
DA:261,0
DA:262,0
DA:266,3
LF:18
LH:10
BRDA:6,0,0,3
BRDA:6,0,1,0
BRDA:80,1,0,0
BRDA:170,2,0,3
BRDA:170,2,1,3
BRDA:177,3,0,3
BRDA:177,3,1,0
BRDA:184,4,0,3
BRDA:184,4,1,3
BRDA:191,5,0,3
BRDA:191,5,1,0
BRDA:220,6,0,3
BRDA:220,6,1,3
BRDA:221,7,0,3
BRDA:221,7,1,3
BRDA:222,8,0,3
BRDA:222,8,1,3
BRDA:225,9,0,3
BRDA:225,9,1,0
BRDA:244,10,0,0
BRDA:256,11,0,0
BRDA:261,12,0,0
BRF:22
BRH:14
end_of_record
TN:
SF:src/database/index.ts
FN:38,(anonymous_1)
FN:71,(anonymous_2)
FN:74,(anonymous_3)
FN:83,(anonymous_4)
FN:88,(anonymous_5)
FN:97,(anonymous_6)
FN:102,(anonymous_7)
FN:104,(anonymous_8)
FN:121,(anonymous_9)
FN:125,(anonymous_10)
FN:142,(anonymous_11)
FN:150,(anonymous_12)
FN:181,(anonymous_13)
FN:182,(anonymous_14)
FN:231,(anonymous_15)
FN:238,(anonymous_16)
FN:247,(anonymous_17)
FN:252,(anonymous_18)
FN:257,(anonymous_19)
FN:288,(anonymous_20)
FN:322,(anonymous_21)
FN:334,(anonymous_22)
FN:387,(anonymous_23)
FN:392,(anonymous_24)
FN:396,(anonymous_25)
FNF:25
FNH:11
FNDA:1,(anonymous_1)
FNDA:1,(anonymous_2)
FNDA:0,(anonymous_3)
FNDA:0,(anonymous_4)
FNDA:0,(anonymous_5)
FNDA:0,(anonymous_6)
FNDA:1,(anonymous_7)
FNDA:0,(anonymous_8)
FNDA:0,(anonymous_9)
FNDA:0,(anonymous_10)
FNDA:0,(anonymous_11)
FNDA:3,(anonymous_12)
FNDA:9,(anonymous_13)
FNDA:3,(anonymous_14)
FNDA:6,(anonymous_15)
FNDA:9,(anonymous_16)
FNDA:45,(anonymous_17)
FNDA:0,(anonymous_18)
FNDA:0,(anonymous_19)
FNDA:0,(anonymous_20)
FNDA:1,(anonymous_21)
FNDA:1,(anonymous_22)
FNDA:0,(anonymous_23)
FNDA:0,(anonymous_24)
FNDA:0,(anonymous_25)
DA:2,1
DA:4,1
DA:22,1
DA:25,1
DA:26,1
DA:34,1
DA:35,1
DA:36,1
DA:39,1
DA:41,1
DA:65,1
DA:67,1
DA:68,1
DA:74,1
DA:75,0
DA:76,0
DA:83,1
DA:84,0
DA:85,0
DA:88,1
DA:89,0
DA:97,1
DA:98,0
DA:104,1
DA:105,0
DA:106,0
DA:108,0
DA:109,0
DA:110,0
DA:111,0
DA:115,0
DA:116,0
DA:122,0
DA:126,0
DA:127,0
DA:128,0
DA:129,0
DA:132,0
DA:133,0
DA:134,0
DA:135,0
DA:138,0
DA:139,0
DA:143,0
DA:156,3
DA:159,3
DA:160,0
DA:161,0
DA:162,0
DA:163,0
DA:167,0
DA:171,3
DA:174,3
DA:175,9
DA:176,9
DA:177,9
DA:179,9
DA:182,9
DA:186,0
DA:189,0
DA:193,0
DA:202,0
DA:203,0
DA:204,0
DA:207,0
DA:210,9
DA:211,9
DA:212,9
DA:214,9
DA:216,9
DA:225,9
DA:226,3
DA:230,6
DA:231,6
DA:235,3
DA:239,9
DA:247,9
DA:248,45
DA:253,0
DA:254,0
DA:265,0
DA:266,0
DA:268,0
DA:271,0
DA:272,0
DA:273,0
DA:276,0
DA:277,0
DA:279,0
DA:289,0
DA:290,0
DA:292,0
DA:294,0
DA:295,0
DA:297,0
DA:298,0
DA:300,0
DA:302,0
DA:304,0
DA:305,0
DA:307,0
DA:310,0
DA:311,0
DA:312,0
DA:314,0
DA:316,0
DA:318,0
DA:324,1
DA:326,1
DA:327,1
DA:350,1
DA:352,1
DA:353,1
DA:354,0
DA:356,1
DA:359,1
DA:363,1
DA:367,1
DA:369,1
DA:388,0
DA:389,0
DA:393,0
DA:397,0
LF:123
LH:51
BRDA:47,0,0,0
BRDA:47,0,1,1
BRDA:109,1,0,0
BRDA:115,2,0,0
BRDA:122,3,0,0
BRDA:122,3,1,0
BRDA:127,4,0,0
BRDA:132,5,0,0
BRDA:150,6,0,2
BRDA:152,7,0,2
BRDA:153,8,0,3
BRDA:154,9,0,3
BRDA:155,10,0,3
BRDA:159,11,0,0
BRDA:159,12,0,3
BRDA:159,12,1,0
BRDA:162,13,0,0
BRDA:202,14,0,0
BRDA:202,15,0,0
BRDA:202,15,1,0
BRDA:225,16,0,3
BRDA:225,17,0,9
BRDA:225,17,1,9
BRDA:252,18,0,0
BRDA:254,19,0,0
BRDA:254,19,1,0
BRDA:259,20,0,0
BRDA:260,21,0,0
BRDA:261,22,0,0
BRDA:262,23,0,0
BRDA:273,24,0,0
BRDA:273,24,1,0
BRDA:288,25,0,0
BRDA:289,26,0,0
BRDA:359,27,0,1
BRDA:359,27,1,0
BRDA:363,28,0,0
BRDA:363,28,1,1
BRDA:367,29,0,1
BRDA:367,29,1,0
BRF:40
BRH:13
end_of_record
TN:
SF:src/models/index.ts
FN:318,(anonymous_0)
FN:323,(anonymous_1)
FN:328,(anonymous_2)
FN:333,(anonymous_3)
FN:338,(anonymous_4)
FN:348,(anonymous_5)
FN:353,(anonymous_6)
FN:358,(anonymous_7)
FN:369,(anonymous_8)
FN:374,(anonymous_9)
FN:379,(anonymous_10)
FN:384,(anonymous_11)
FN:396,(anonymous_12)
FN:403,(anonymous_13)
FN:410,(anonymous_14)
FN:416,(anonymous_15)
FN:421,(anonymous_16)
FN:422,(anonymous_17)
FN:429,(anonymous_18)
FN:430,(anonymous_19)
FN:437,(anonymous_20)
FN:448,(anonymous_21)
FNF:22
FNH:0
FNDA:0,(anonymous_0)
FNDA:0,(anonymous_1)
FNDA:0,(anonymous_2)
FNDA:0,(anonymous_3)
FNDA:0,(anonymous_4)
FNDA:0,(anonymous_5)
FNDA:0,(anonymous_6)
FNDA:0,(anonymous_7)
FNDA:0,(anonymous_8)
FNDA:0,(anonymous_9)
FNDA:0,(anonymous_10)
FNDA:0,(anonymous_11)
FNDA:0,(anonymous_12)
FNDA:0,(anonymous_13)
FNDA:0,(anonymous_14)
FNDA:0,(anonymous_15)
FNDA:0,(anonymous_16)
FNDA:0,(anonymous_17)
FNDA:0,(anonymous_18)
FNDA:0,(anonymous_19)
FNDA:0,(anonymous_20)
FNDA:0,(anonymous_21)
DA:4,1
DA:72,1
DA:316,1
DA:319,0
DA:324,0
DA:329,0
DA:334,0
DA:339,0
DA:340,0
DA:341,0
DA:343,0
DA:349,0
DA:354,0
DA:359,0
DA:367,1
DA:370,0
DA:375,0
DA:380,0
DA:385,0
DA:386,0
DA:388,0
DA:391,0
DA:392,0
DA:397,0
DA:398,0
DA:399,0
DA:404,0
DA:405,0
DA:406,0
DA:411,0
DA:412,0
DA:417,0
DA:422,0
DA:423,0
DA:430,0
DA:431,0
DA:438,0
DA:439,0
DA:440,0
DA:441,0
DA:442,0
DA:443,0
DA:449,0
DA:450,0
DA:451,0
DA:452,0
DA:453,0
LF:47
LH:4
BRDA:349,0,0,0
BRDA:349,0,1,0
BRDA:349,0,2,0
BRDA:354,1,0,0
BRDA:354,1,1,0
BRDA:354,1,2,0
BRDA:359,2,0,0
BRDA:359,2,1,0
BRDA:359,2,2,0
BRDA:388,3,0,0
BRDA:423,4,0,0
BRDA:423,4,1,0
BRDA:431,5,0,0
BRDA:431,5,1,0
BRDA:438,6,0,0
BRDA:438,6,1,0
BRDA:438,6,2,0
BRDA:438,6,3,0
BRDA:438,6,4,0
BRDA:449,7,0,0
BRDA:449,7,1,0
BRDA:449,7,2,0
BRDA:449,7,3,0
BRF:23
BRH:0
end_of_record
TN:
SF:src/services/chainService.ts
FN:11,(anonymous_0)
FN:20,(anonymous_1)
FN:29,(anonymous_2)
FN:39,(anonymous_3)
FN:52,(anonymous_4)
FN:78,(anonymous_5)
FN:84,(anonymous_6)
FN:118,(anonymous_7)
FN:147,(anonymous_8)
FN:164,(anonymous_9)
FN:180,(anonymous_10)
FN:192,(anonymous_11)
FN:209,(anonymous_12)
FN:210,(anonymous_13)
FN:211,(anonymous_14)
FN:212,(anonymous_15)
FN:226,(anonymous_16)
FN:258,(anonymous_17)
FN:259,(anonymous_18)
FNF:19
FNH:0
FNDA:0,(anonymous_0)
FNDA:0,(anonymous_1)
FNDA:0,(anonymous_2)
FNDA:0,(anonymous_3)
FNDA:0,(anonymous_4)
FNDA:0,(anonymous_5)
FNDA:0,(anonymous_6)
FNDA:0,(anonymous_7)
FNDA:0,(anonymous_8)
FNDA:0,(anonymous_9)
FNDA:0,(anonymous_10)
FNDA:0,(anonymous_11)
FNDA:0,(anonymous_12)
FNDA:0,(anonymous_13)
FNDA:0,(anonymous_14)
FNDA:0,(anonymous_15)
FNDA:0,(anonymous_16)
FNDA:0,(anonymous_17)
FNDA:0,(anonymous_18)
DA:7,1
DA:12,0
DA:13,0
DA:21,0
DA:26,0
DA:30,0
DA:36,0
DA:40,0
DA:45,0
DA:46,0
DA:49,0
DA:53,0
DA:75,0
DA:79,0
DA:80,0
DA:81,0
DA:84,0
DA:85,0
DA:86,0
DA:87,0
DA:88,0
DA:89,0
DA:93,0
DA:94,0
DA:97,0
DA:98,0
DA:100,0
DA:107,0
DA:108,0
DA:111,0
DA:119,0
DA:120,0
DA:140,0
DA:142,0
DA:143,0
DA:148,0
DA:165,0
DA:181,0
DA:205,0
DA:207,0
DA:209,0
DA:210,0
DA:211,0
DA:212,0
DA:227,0
DA:259,0
LF:46
LH:1
BRDA:45,0,0,0
BRDA:65,1,0,0
BRDA:65,1,1,0
BRDA:66,2,0,0
BRDA:66,2,1,0
BRDA:67,3,0,0
BRDA:67,3,1,0
BRDA:68,4,0,0
BRDA:68,4,1,0
BRDA:69,5,0,0
BRDA:69,5,1,0
BRDA:70,6,0,0
BRDA:70,6,1,0
BRDA:71,7,0,0
BRDA:71,7,1,0
BRDA:85,8,0,0
BRDA:88,9,0,0
BRDA:88,9,1,0
BRDA:93,10,0,0
BRDA:107,11,0,0
BRDA:135,12,0,0
BRDA:135,12,1,0
BRDA:233,13,0,0
BRDA:233,13,1,0
BRF:24
BRH:0
end_of_record
TN:
SF:src/services/eventProcessor.ts
FN:41,(anonymous_0)
FN:60,(anonymous_1)
FN:67,(anonymous_2)
FN:161,(anonymous_3)
FN:167,(anonymous_4)
FN:189,(anonymous_5)
FN:248,(anonymous_6)
FN:254,(anonymous_7)
FN:286,(anonymous_8)
FN:292,(anonymous_9)
FN:357,(anonymous_10)
FN:385,(anonymous_11)
FN:402,(anonymous_12)
FN:440,(anonymous_13)
FN:460,(anonymous_14)
FN:473,(anonymous_15)
FN:486,(anonymous_16)
FN:501,(anonymous_17)
FN:510,(anonymous_18)
FN:551,(anonymous_19)
FN:559,(anonymous_20)
FN:585,(anonymous_21)
FN:615,(anonymous_22)
FN:648,(anonymous_23)
FN:692,(anonymous_24)
FN:734,(anonymous_25)
FN:776,(anonymous_26)
FN:806,(anonymous_27)
FN:819,(anonymous_28)
FN:834,(anonymous_29)
FNF:30
FNH:0
FNDA:0,(anonymous_0)
FNDA:0,(anonymous_1)
FNDA:0,(anonymous_2)
FNDA:0,(anonymous_3)
FNDA:0,(anonymous_4)
FNDA:0,(anonymous_5)
FNDA:0,(anonymous_6)
FNDA:0,(anonymous_7)
FNDA:0,(anonymous_8)
FNDA:0,(anonymous_9)
FNDA:0,(anonymous_10)
FNDA:0,(anonymous_11)
FNDA:0,(anonymous_12)
FNDA:0,(anonymous_13)
FNDA:0,(anonymous_14)
FNDA:0,(anonymous_15)
FNDA:0,(anonymous_16)
FNDA:0,(anonymous_17)
FNDA:0,(anonymous_18)
FNDA:0,(anonymous_19)
FNDA:0,(anonymous_20)
FNDA:0,(anonymous_21)
FNDA:0,(anonymous_22)
FNDA:0,(anonymous_23)
FNDA:0,(anonymous_24)
FNDA:0,(anonymous_25)
FNDA:0,(anonymous_26)
FNDA:0,(anonymous_27)
FNDA:0,(anonymous_28)
FNDA:0,(anonymous_29)
DA:11,1
DA:20,1
DA:27,1
DA:35,1
DA:50,0
DA:51,0
DA:52,0
DA:53,0
DA:66,0
DA:67,0
DA:69,0
DA:76,0
DA:82,0
DA:83,0
DA:87,0
DA:88,0
DA:90,0
DA:97,0
DA:122,0
DA:129,0
DA:136,0
DA:137,0
DA:141,0
DA:149,0
DA:152,0
DA:153,0
DA:166,0
DA:167,0
DA:169,0
DA:176,0
DA:177,0
DA:181,0
DA:185,0
DA:188,0
DA:189,0
DA:192,0
DA:193,0
DA:197,0
DA:201,0
DA:207,0
DA:215,0
DA:221,0
DA:227,0
DA:236,0
DA:239,0
DA:240,0
DA:253,0
DA:254,0
DA:256,0
DA:265,0
DA:268,0
DA:274,0
DA:277,0
DA:278,0
DA:291,0
DA:292,0
DA:293,0
DA:295,0
DA:302,0
DA:303,0
DA:304,0
DA:306,0
DA:314,0
DA:316,0
DA:325,0
DA:328,0
DA:329,0
DA:338,0
DA:345,0
DA:348,0
DA:349,0
DA:363,0
DA:368,0
DA:369,0
DA:373,0
DA:382,0
DA:390,0
DA:395,0
DA:396,0
DA:399,0
DA:406,0
DA:437,0
DA:446,0
DA:453,0
DA:454,0
DA:457,0
DA:465,0
DA:478,0
DA:493,0
DA:516,0
DA:522,0
DA:524,0
DA:525,0
DA:527,0
DA:552,0
DA:560,0
DA:586,0
DA:616,0
DA:654,0
DA:655,0
DA:675,0
DA:676,0
DA:677,0
DA:679,0
DA:683,0
DA:684,0
DA:688,0
DA:697,0
DA:699,0
DA:700,0
DA:706,0
DA:708,0
DA:727,0
DA:730,0
DA:739,0
DA:741,0
DA:742,0
DA:748,0
DA:750,0
DA:769,0
DA:772,0
DA:781,0
DA:782,0
DA:783,0
DA:785,0
DA:799,0
DA:802,0
DA:807,0
DA:808,0
DA:812,0
DA:814,0
DA:815,0
DA:820,0
DA:821,0
DA:826,0
DA:827,0
DA:829,0
DA:830,0
DA:839,0
DA:840,0
DA:847,0
DA:848,0
DA:850,0
DA:851,0
LF:144
LH:4
BRDA:44,0,0,0
BRDA:82,1,0,0
BRDA:88,2,0,0
BRDA:88,3,0,0
BRDA:88,3,1,0
BRDA:136,4,0,0
BRDA:176,5,0,0
BRDA:185,6,0,0
BRDA:185,6,1,0
BRDA:192,7,0,0
BRDA:293,8,0,0
BRDA:293,8,1,0
BRDA:302,9,0,0
BRDA:302,9,1,0
BRDA:303,10,0,0
BRDA:314,11,0,0
BRDA:328,12,0,0
BRDA:368,13,0,0
BRDA:395,14,0,0
BRDA:453,15,0,0
BRDA:522,16,0,0
BRDA:524,17,0,0
BRDA:524,17,1,0
BRDA:537,18,0,0
BRDA:537,18,1,0
BRDA:676,19,0,0
BRDA:676,19,1,0
BRDA:683,20,0,0
BRDA:683,21,0,0
BRDA:683,21,1,0
BRDA:706,22,0,0
BRDA:706,23,0,0
BRDA:706,23,1,0
BRDA:748,24,0,0
BRDA:748,25,0,0
BRDA:748,25,1,0
BRDA:783,26,0,0
BRDA:826,27,0,0
BRDA:847,28,0,0
BRF:39
BRH:0
end_of_record
TN:
SF:src/services/slackNotifier.ts
FN:67,(anonymous_1)
FN:83,(anonymous_2)
FN:118,(anonymous_3)
FN:145,(anonymous_4)
FN:176,(anonymous_5)
FN:200,(anonymous_6)
FN:227,(anonymous_7)
FN:266,(anonymous_8)
FN:295,(anonymous_9)
FN:309,(anonymous_10)
FN:324,(anonymous_11)
FN:340,(anonymous_12)
FN:364,(anonymous_13)
FNF:13
FNH:0
FNDA:0,(anonymous_1)
FNDA:0,(anonymous_2)
FNDA:0,(anonymous_3)
FNDA:0,(anonymous_4)
FNDA:0,(anonymous_5)
FNDA:0,(anonymous_6)
FNDA:0,(anonymous_7)
FNDA:0,(anonymous_8)
FNDA:0,(anonymous_9)
FNDA:0,(anonymous_10)
FNDA:0,(anonymous_11)
FNDA:0,(anonymous_12)
FNDA:0,(anonymous_13)
DA:2,1
DA:4,1
DA:5,1
DA:59,1
DA:64,0
DA:65,0
DA:68,0
DA:69,0
DA:70,0
DA:71,0
DA:73,0
DA:74,0
DA:75,0
DA:84,0
DA:86,0
DA:87,0
DA:89,0
DA:107,0
DA:108,0
DA:115,0
DA:119,0
DA:121,0
DA:137,0
DA:138,0
DA:140,0
DA:141,0
DA:146,0
DA:148,0
DA:165,0
DA:166,0
DA:173,0
DA:177,0
DA:179,0
DA:197,0
DA:201,0
DA:203,0
DA:220,0
DA:228,0
DA:230,0
DA:233,0
DA:236,0
DA:251,0
DA:252,0
DA:259,0
DA:267,0
DA:269,0
DA:271,0
DA:278,0
DA:279,0
DA:282,0
DA:288,0
DA:296,0
DA:306,0
DA:310,0
DA:311,0
DA:312,0
DA:313,0
DA:314,0
DA:315,0
DA:317,0
DA:320,0
DA:325,0
DA:326,0
DA:328,0
DA:329,0
DA:332,0
DA:333,0
DA:341,0
DA:343,0
DA:344,0
DA:356,0
DA:357,0
DA:359,0
DA:360,0
DA:365,0
LF:75
LH:4
BRDA:69,0,0,0
BRDA:69,0,1,0
BRDA:70,1,0,0
BRDA:70,1,1,0
BRDA:71,2,0,0
BRDA:71,2,1,0
BRDA:73,3,0,0
BRDA:73,4,0,0
BRDA:73,4,1,0
BRDA:84,5,0,0
BRDA:87,6,0,0
BRDA:107,7,0,0
BRDA:119,8,0,0
BRDA:140,9,0,0
BRDA:140,10,0,0
BRDA:140,10,1,0
BRDA:146,11,0,0
BRDA:165,12,0,0
BRDA:177,13,0,0
BRDA:201,14,0,0
BRDA:228,15,0,0
BRDA:230,16,0,0
BRDA:230,16,1,0
BRDA:231,17,0,0
BRDA:231,17,1,0
BRDA:233,18,0,0
BRDA:233,18,1,0
BRDA:234,19,0,0
BRDA:234,19,1,0
BRDA:239,20,0,0
BRDA:239,20,1,0
BRDA:251,21,0,0
BRDA:278,22,0,0
BRDA:289,23,0,0
BRDA:289,23,1,0
BRDA:306,24,0,0
BRDA:306,24,1,0
BRDA:312,25,0,0
BRDA:312,25,1,0
BRDA:314,26,0,0
BRDA:314,26,1,0
BRDA:328,27,0,0
BRDA:328,28,0,0
BRDA:328,28,1,0
BRDA:341,29,0,0
BRF:45
BRH:0
end_of_record
TN:
SF:src/services/validatorService.ts
FN:24,(anonymous_0)
FN:49,(anonymous_1)
FN:81,(anonymous_2)
FN:107,(anonymous_3)
FN:142,(anonymous_4)
FN:258,(anonymous_5)
FN:272,(anonymous_6)
FN:276,(anonymous_7)
FN:287,(anonymous_8)
FN:310,(anonymous_9)
FN:320,(anonymous_10)
FN:336,(anonymous_11)
FN:387,(anonymous_12)
FN:398,(anonymous_13)
FN:400,(anonymous_14)
FN:401,(anonymous_15)
FN:423,(anonymous_16)
FN:425,(anonymous_17)
FN:443,(anonymous_18)
FN:460,(anonymous_19)
FN:477,(anonymous_20)
FN:493,(anonymous_21)
FN:510,(anonymous_22)
FN:515,(anonymous_23)
FN:521,(anonymous_24)
FN:524,(anonymous_25)
FN:558,(anonymous_26)
FNF:27
FNH:19
FNDA:34,(anonymous_0)
FNDA:16,(anonymous_1)
FNDA:35,(anonymous_2)
FNDA:6,(anonymous_3)
FNDA:0,(anonymous_4)
FNDA:3,(anonymous_5)
FNDA:3,(anonymous_6)
FNDA:3,(anonymous_7)
FNDA:4,(anonymous_8)
FNDA:1,(anonymous_9)
FNDA:3,(anonymous_10)
FNDA:2,(anonymous_11)
FNDA:3,(anonymous_12)
FNDA:2,(anonymous_13)
FNDA:2,(anonymous_14)
FNDA:1,(anonymous_15)
FNDA:34,(anonymous_16)
FNDA:0,(anonymous_17)
FNDA:0,(anonymous_18)
FNDA:0,(anonymous_19)
FNDA:0,(anonymous_20)
FNDA:0,(anonymous_21)
FNDA:0,(anonymous_22)
FNDA:0,(anonymous_23)
FNDA:15,(anonymous_24)
FNDA:30,(anonymous_25)
FNDA:2,(anonymous_26)
DA:3,1
DA:5,1
DA:6,1
DA:7,1
DA:16,1
DA:22,34
DA:29,34
DA:30,34
DA:31,34
DA:32,34
DA:35,34
DA:36,34
DA:42,34
DA:50,16
DA:51,0
DA:52,0
DA:55,16
DA:57,16
DA:59,16
DA:60,16
DA:61,1
DA:65,15
DA:68,4
DA:70,4
DA:71,4
DA:73,4
DA:76,12
DA:77,12
DA:82,35
DA:83,31
DA:86,4
DA:88,4
DA:90,4
DA:92,4
DA:93,4
DA:95,4
DA:98,0
DA:99,0
DA:113,6
DA:115,6
DA:116,2
DA:117,2
DA:118,1
DA:120,1
DA:126,5
DA:127,5
DA:130,5
DA:133,5
DA:134,1
DA:137,5
DA:142,0
DA:146,5
DA:147,1
DA:150,5
DA:160,5
DA:190,5
DA:191,9
DA:192,9
DA:212,9
DA:219,0
DA:224,5
DA:231,5
DA:239,5
DA:241,5
DA:250,5
DA:253,1
DA:254,1
DA:259,3
DA:260,3
DA:262,2
DA:264,2
DA:267,1
DA:268,1
DA:273,3
DA:277,3
DA:278,3
DA:279,3
DA:281,3
DA:282,1
DA:283,1
DA:286,2
DA:287,4
DA:288,2
DA:289,2
DA:293,3
DA:295,3
DA:296,3
DA:297,2
DA:298,2
DA:301,1
DA:302,1
DA:319,1
DA:320,1
DA:321,3
DA:322,3
DA:325,1
DA:351,2
DA:353,2
DA:360,2
DA:370,2
DA:381,2
DA:387,2
DA:388,3
DA:389,1
DA:390,2
DA:391,1
DA:392,1
DA:393,1
DA:397,2
DA:398,2
DA:400,2
DA:401,1
DA:404,2
DA:414,0
DA:415,0
DA:425,34
DA:426,0
DA:427,0
DA:434,0
DA:437,0
DA:438,0
DA:443,34
DA:444,0
DA:445,0
DA:451,0
DA:454,0
DA:455,0
DA:460,34
DA:461,0
DA:462,0
DA:468,0
DA:471,0
DA:472,0
DA:477,34
DA:478,0
DA:479,0
DA:485,0
DA:488,0
DA:489,0
DA:493,34
DA:494,0
DA:495,0
DA:501,0
DA:504,0
DA:505,0
DA:510,34
DA:511,0
DA:512,0
DA:515,34
DA:516,0
DA:517,0
DA:522,15
DA:524,30
DA:525,15
DA:535,15
DA:536,5
DA:543,5
DA:546,4
DA:549,11
DA:550,11
DA:567,2
DA:570,2
DA:571,2
DA:572,1
DA:576,2
DA:577,2
DA:578,2
DA:579,1
DA:583,2
DA:584,2
DA:585,1
DA:588,2
DA:590,2
LF:173
LH:136
BRDA:50,0,0,0
BRDA:60,1,0,1
BRDA:82,2,0,31
BRDA:115,3,0,2
BRDA:117,4,0,1
BRDA:120,5,0,0
BRDA:120,5,1,1
BRDA:133,6,0,1
BRDA:141,7,0,1
BRDA:141,7,1,4
BRDA:146,8,0,1
BRDA:156,9,0,5
BRDA:156,9,1,4
BRDA:180,10,0,1
BRDA:180,10,1,4
BRDA:281,11,0,1
BRDA:281,11,1,2
BRDA:286,12,0,2
BRDA:321,13,0,3
BRDA:321,13,1,2
BRDA:388,14,0,1
BRDA:388,14,1,2
BRDA:390,15,0,1
BRDA:390,15,1,1
BRDA:392,16,0,1
BRDA:407,17,0,2
BRDA:407,17,1,1
BRDA:571,18,0,1
BRDA:578,19,0,1
BRDA:584,20,0,1
BRDA:588,21,0,2
BRDA:588,21,1,1
BRDA:588,21,2,1
BRDA:591,22,0,1
BRDA:591,22,1,1
BRDA:597,23,0,1
BRDA:597,23,1,1
BRF:37
BRH:35
end_of_record
TN:
SF:src/utils/circuitBreaker.ts
FN:4,(anonymous_0)
FN:30,(anonymous_1)
FN:45,(anonymous_2)
FN:52,(anonymous_3)
FN:77,(anonymous_4)
FN:78,(anonymous_5)
FN:79,(anonymous_6)
FN:84,(anonymous_7)
FN:88,(anonymous_8)
FN:95,(anonymous_9)
FN:107,(anonymous_10)
FN:124,(anonymous_11)
FN:131,(anonymous_12)
FN:148,(anonymous_13)
FN:159,(anonymous_14)
FN:165,(anonymous_15)
FN:177,(anonymous_16)
FN:200,(anonymous_17)
FN:204,(anonymous_18)
FN:208,(anonymous_19)
FN:209,(anonymous_20)
FN:212,(anonymous_21)
FN:213,(anonymous_22)
FNF:23
FNH:0
FNDA:0,(anonymous_0)
FNDA:0,(anonymous_1)
FNDA:0,(anonymous_2)
FNDA:0,(anonymous_3)
FNDA:0,(anonymous_4)
FNDA:0,(anonymous_5)
FNDA:0,(anonymous_6)
FNDA:0,(anonymous_7)
FNDA:0,(anonymous_8)
FNDA:0,(anonymous_9)
FNDA:0,(anonymous_10)
FNDA:0,(anonymous_11)
FNDA:0,(anonymous_12)
FNDA:0,(anonymous_13)
FNDA:0,(anonymous_14)
FNDA:0,(anonymous_15)
FNDA:0,(anonymous_16)
FNDA:0,(anonymous_17)
FNDA:0,(anonymous_18)
FNDA:0,(anonymous_19)
FNDA:0,(anonymous_20)
FNDA:0,(anonymous_21)
FNDA:0,(anonymous_22)
DA:4,0
DA:5,0
DA:6,0
DA:7,0
DA:29,0
DA:30,0
DA:31,0
DA:32,0
DA:36,0
DA:37,0
DA:38,0
DA:39,0
DA:40,0
DA:46,0
DA:49,0
DA:53,0
DA:54,0
DA:55,0
DA:61,0
DA:62,0
DA:65,0
DA:67,0
DA:68,0
DA:69,0
DA:70,0
DA:72,0
DA:73,0
DA:78,0
DA:79,0
DA:80,0
DA:83,0
DA:85,0
DA:86,0
DA:89,0
DA:90,0
DA:96,0
DA:97,0
DA:99,0
DA:100,0
DA:101,0
DA:104,0
DA:108,0
DA:109,0
DA:111,0
DA:112,0
DA:113,0
DA:115,0
DA:121,0
DA:125,0
DA:126,0
DA:127,0
DA:132,0
DA:136,0
DA:149,0
DA:150,0
DA:151,0
DA:152,0
DA:153,0
DA:154,0
DA:156,0
DA:160,0
DA:161,0
DA:162,0
DA:166,0
DA:167,0
DA:168,0
DA:169,0
DA:174,0
DA:175,0
DA:182,0
DA:183,0
DA:186,0
DA:194,0
DA:195,0
DA:197,0
DA:201,0
DA:205,0
DA:209,0
DA:213,0
LF:79
LH:0
BRDA:4,0,0,0
BRDA:4,0,1,0
BRDA:53,1,0,0
BRDA:54,2,0,0
BRDA:54,3,0,0
BRDA:54,3,1,0
BRDA:99,4,0,0
BRDA:111,5,0,0
BRDA:126,6,0,0
BRDA:132,7,0,0
BRDA:132,7,1,0
BRDA:182,8,0,0
BRF:12
BRH:0
end_of_record
TN:
SF:src/utils/errors.ts
FN:4,(anonymous_0)
FN:83,(anonymous_1)
FN:98,(anonymous_2)
FN:114,(anonymous_3)
FN:128,(anonymous_4)
FN:142,(anonymous_5)
FN:156,(anonymous_6)
FN:174,(anonymous_7)
FN:188,(anonymous_8)
FN:203,(anonymous_9)
FN:218,(anonymous_10)
FN:233,(anonymous_11)
FN:248,(anonymous_12)
FN:262,(anonymous_13)
FN:276,(anonymous_14)
FN:290,(anonymous_15)
FN:304,(anonymous_16)
FN:319,(anonymous_17)
FN:320,(anonymous_18)
FN:333,(anonymous_19)
FN:377,(anonymous_20)
FN:407,(anonymous_21)
FN:422,(anonymous_22)
FN:425,(anonymous_23)
FNF:24
FNH:0
FNDA:0,(anonymous_0)
FNDA:0,(anonymous_1)
FNDA:0,(anonymous_2)
FNDA:0,(anonymous_3)
FNDA:0,(anonymous_4)
FNDA:0,(anonymous_5)
FNDA:0,(anonymous_6)
FNDA:0,(anonymous_7)
FNDA:0,(anonymous_8)
FNDA:0,(anonymous_9)
FNDA:0,(anonymous_10)
FNDA:0,(anonymous_11)
FNDA:0,(anonymous_12)
FNDA:0,(anonymous_13)
FNDA:0,(anonymous_14)
FNDA:0,(anonymous_15)
FNDA:0,(anonymous_16)
FNDA:0,(anonymous_17)
FNDA:0,(anonymous_18)
FNDA:0,(anonymous_19)
FNDA:0,(anonymous_20)
FNDA:0,(anonymous_21)
FNDA:0,(anonymous_22)
FNDA:0,(anonymous_23)
DA:4,0
DA:6,0
DA:7,0
DA:8,0
DA:9,0
DA:10,0
DA:13,0
DA:14,0
DA:15,0
DA:16,0
DA:19,0
DA:20,0
DA:21,0
DA:22,0
DA:23,0
DA:26,0
DA:27,0
DA:28,0
DA:29,0
DA:32,0
DA:33,0
DA:34,0
DA:35,0
DA:36,0
DA:37,0
DA:38,0
DA:41,0
DA:42,0
DA:43,0
DA:44,0
DA:45,0
DA:48,0
DA:49,0
DA:50,0
DA:53,0
DA:54,0
DA:55,0
DA:56,0
DA:74,0
DA:84,0
DA:85,0
DA:86,0
DA:87,0
DA:88,0
DA:89,0
DA:90,0
DA:91,0
DA:92,0
DA:95,0
DA:99,0
DA:113,0
DA:115,0
DA:127,0
DA:129,0
DA:141,0
DA:143,0
DA:155,0
DA:157,0
DA:161,0
DA:173,0
DA:175,0
DA:187,0
DA:189,0
DA:202,0
DA:204,0
DA:217,0
DA:219,0
DA:232,0
DA:234,0
DA:247,0
DA:249,0
DA:261,0
DA:263,0
DA:275,0
DA:277,0
DA:289,0
DA:291,0
DA:303,0
DA:305,0
DA:318,0
DA:320,0
DA:326,0
DA:335,0
DA:336,0
DA:337,0
DA:339,0
DA:345,0
DA:351,0
DA:358,0
DA:365,0
DA:374,0
DA:378,0
DA:379,0
DA:382,0
DA:383,0
DA:394,0
DA:407,0
DA:408,0
DA:409,0
DA:413,0
DA:422,0
DA:425,0
DA:426,0
DA:427,0
DA:428,0
DA:431,0
DA:432,0
DA:433,0
DA:436,0
LF:109
LH:0
BRDA:4,0,0,0
BRDA:4,0,1,0
BRDA:90,1,0,0
BRDA:90,1,1,0
BRDA:128,2,0,0
BRDA:142,3,0,0
BRDA:157,4,0,0
BRDA:157,4,1,0
BRDA:221,5,0,0
BRDA:221,5,1,0
BRDA:236,6,0,0
BRDA:236,6,1,0
BRDA:336,7,0,0
BRDA:337,8,0,0
BRDA:337,8,1,0
BRDA:337,8,2,0
BRDA:337,8,3,0
BRDA:337,8,4,0
BRDA:337,8,5,0
BRDA:340,9,0,0
BRDA:340,9,1,0
BRDA:346,10,0,0
BRDA:346,10,1,0
BRDA:378,11,0,0
BRDA:382,12,0,0
BRDA:408,13,0,0
BRDA:426,14,0,0
BRDA:427,15,0,0
BRDA:427,16,0,0
BRDA:427,16,1,0
BRDA:428,17,0,0
BRDA:432,18,0,0
BRDA:432,19,0,0
BRDA:432,19,1,0
BRF:34
BRH:0
end_of_record
TN:
SF:src/utils/logger.ts
FN:8,(anonymous_1)
FN:23,(anonymous_2)
FNF:2
FNH:0
FNDA:0,(anonymous_1)
FNDA:0,(anonymous_2)
DA:2,0
DA:3,0
DA:5,0
DA:8,0
DA:9,0
DA:10,0
DA:11,0
DA:12,0
DA:13,0
DA:14,0
DA:15,0
DA:17,0
DA:19,0
DA:23,0
DA:24,0
DA:26,0
DA:27,0
DA:28,0
DA:30,0
DA:34,0
DA:38,0
DA:108,0
DA:109,0
DA:110,0
DA:112,0
DA:113,0
DA:114,0
DA:119,0
DA:136,0
LF:29
LH:0
BRDA:9,0,0,0
BRDA:9,1,0,0
BRDA:9,1,1,0
BRDA:10,2,0,0
BRDA:11,3,0,0
BRDA:12,4,0,0
BRDA:24,5,0,0
BRDA:24,5,1,0
BRDA:26,6,0,0
BRDA:48,7,0,0
BRDA:48,7,1,0
BRDA:59,8,0,0
BRDA:59,8,1,0
BRDA:86,9,0,0
BRDA:86,9,1,0
BRDA:108,10,0,0
BRDA:113,11,0,0
BRF:17
BRH:0
end_of_record
TN:
SF:src/utils/metrics.ts
FN:49,(anonymous_0)
FN:55,(anonymous_1)
FN:68,(anonymous_2)
FN:74,(anonymous_3)
FN:82,(anonymous_4)
FN:90,(anonymous_5)
FN:94,(anonymous_6)
FN:100,(anonymous_7)
FN:109,(anonymous_8)
FN:127,(anonymous_9)
FN:135,(anonymous_10)
FN:143,(anonymous_11)
FN:147,(anonymous_12)
FN:162,(anonymous_13)
FN:167,(anonymous_14)
FN:175,(anonymous_15)
FN:192,(anonymous_16)
FN:205,(anonymous_17)
FN:248,(anonymous_18)
FN:255,(anonymous_19)
FN:261,(anonymous_20)
FN:266,(anonymous_21)
FN:286,(anonymous_22)
FN:293,(anonymous_23)
FN:306,(anonymous_24)
FN:313,(anonymous_25)
FN:326,(anonymous_26)
FN:332,(anonymous_27)
FN:339,(anonymous_28)
FN:350,(anonymous_29)
FN:357,(anonymous_30)
FN:368,(anonymous_31)
FN:374,(anonymous_32)
FN:378,(anonymous_33)
FN:389,(anonymous_34)
FN:396,(anonymous_35)
FN:404,(anonymous_36)
FN:418,(anonymous_37)
FN:426,(anonymous_38)
FN:434,(anonymous_39)
FN:442,(anonymous_40)
FN:449,(anonymous_41)
FN:453,(anonymous_42)
FN:457,(anonymous_43)
FN:461,(anonymous_44)
FN:470,(anonymous_45)
FNF:46
FNH:0
FNDA:0,(anonymous_0)
FNDA:0,(anonymous_1)
FNDA:0,(anonymous_2)
FNDA:0,(anonymous_3)
FNDA:0,(anonymous_4)
FNDA:0,(anonymous_5)
FNDA:0,(anonymous_6)
FNDA:0,(anonymous_7)
FNDA:0,(anonymous_8)
FNDA:0,(anonymous_9)
FNDA:0,(anonymous_10)
FNDA:0,(anonymous_11)
FNDA:0,(anonymous_12)
FNDA:0,(anonymous_13)
FNDA:0,(anonymous_14)
FNDA:0,(anonymous_15)
FNDA:0,(anonymous_16)
FNDA:0,(anonymous_17)
FNDA:0,(anonymous_18)
FNDA:0,(anonymous_19)
FNDA:0,(anonymous_20)
FNDA:0,(anonymous_21)
FNDA:0,(anonymous_22)
FNDA:0,(anonymous_23)
FNDA:0,(anonymous_24)
FNDA:0,(anonymous_25)
FNDA:0,(anonymous_26)
FNDA:0,(anonymous_27)
FNDA:0,(anonymous_28)
FNDA:0,(anonymous_29)
FNDA:0,(anonymous_30)
FNDA:0,(anonymous_31)
FNDA:0,(anonymous_32)
FNDA:0,(anonymous_33)
FNDA:0,(anonymous_34)
FNDA:0,(anonymous_35)
FNDA:0,(anonymous_36)
FNDA:0,(anonymous_37)
FNDA:0,(anonymous_38)
FNDA:0,(anonymous_39)
FNDA:0,(anonymous_40)
FNDA:0,(anonymous_41)
FNDA:0,(anonymous_42)
FNDA:0,(anonymous_43)
FNDA:0,(anonymous_44)
FNDA:0,(anonymous_45)
DA:3,0
DA:40,0
DA:41,0
DA:42,0
DA:43,0
DA:47,0
DA:50,0
DA:51,0
DA:56,0
DA:57,0
DA:59,0
DA:60,0
DA:62,0
DA:65,0
DA:69,0
DA:70,0
DA:75,0
DA:76,0
DA:78,0
DA:79,0
DA:83,0
DA:84,0
DA:85,0
DA:87,0
DA:91,0
DA:95,0
DA:96,0
DA:101,0
DA:102,0
DA:104,0
DA:105,0
DA:106,0
DA:109,0
DA:111,0
DA:114,0
DA:115,0
DA:118,0
DA:119,0
DA:120,0
DA:124,0
DA:128,0
DA:129,0
DA:136,0
DA:138,0
DA:139,0
DA:141,0
DA:142,0
DA:144,0
DA:145,0
DA:148,0
DA:149,0
DA:152,0
DA:153,0
DA:156,0
DA:157,0
DA:163,0
DA:168,0
DA:169,0
DA:170,0
DA:171,0
DA:176,0
DA:177,0
DA:178,0
DA:180,0
DA:181,0
DA:184,0
DA:185,0
DA:188,0
DA:189,0
DA:192,0
DA:196,0
DA:206,0
DA:207,0
DA:210,0
DA:211,0
DA:212,0
DA:213,0
DA:214,0
DA:218,0
DA:219,0
DA:220,0
DA:221,0
DA:222,0
DA:226,0
DA:227,0
DA:228,0
DA:230,0
DA:233,0
DA:234,0
DA:235,0
DA:236,0
DA:240,0
DA:241,0
DA:242,0
DA:245,0
DA:249,0
DA:250,0
DA:253,0
DA:255,0
DA:258,0
DA:262,0
DA:263,0
DA:267,0
DA:268,0
DA:269,0
DA:272,0
DA:273,0
DA:275,0
DA:276,0
DA:277,0
DA:278,0
DA:279,0
DA:283,0
DA:287,0
DA:288,0
DA:291,0
DA:293,0
DA:296,0
DA:300,0
DA:307,0
DA:308,0
DA:309,0
DA:310,0
DA:314,0
DA:315,0
DA:316,0
DA:317,0
DA:322,0
DA:327,0
DA:328,0
DA:329,0
DA:334,0
DA:335,0
DA:340,0
DA:344,0
DA:351,0
DA:352,0
DA:353,0
DA:358,0
DA:362,0
DA:369,0
DA:370,0
DA:375,0
DA:379,0
DA:383,0
DA:390,0
DA:397,0
DA:405,0
DA:410,0
DA:419,0
DA:427,0
DA:435,0
DA:436,0
DA:437,0
DA:438,0
DA:439,0
DA:443,0
DA:444,0
DA:445,0
DA:450,0
DA:454,0
DA:458,0
DA:462,0
DA:463,0
DA:468,0
DA:470,0
DA:471,0
DA:472,0
DA:473,0
DA:475,0
DA:477,0
LF:171
LH:0
BRDA:55,0,0,0
BRDA:59,1,0,0
BRDA:59,1,1,0
BRDA:70,2,0,0
BRDA:70,2,1,0
BRDA:82,3,0,0
BRDA:85,4,0,0
BRDA:85,4,1,0
BRDA:90,5,0,0
BRDA:96,6,0,0
BRDA:96,6,1,0
BRDA:102,7,0,0
BRDA:102,7,1,0
BRDA:105,8,0,0
BRDA:119,9,0,0
BRDA:141,10,0,0
BRDA:141,10,1,0
BRDA:249,11,0,0
BRDA:249,12,0,0
BRDA:249,12,1,0
BRDA:263,13,0,0
BRDA:263,13,1,0
BRDA:268,14,0,0
BRDA:275,15,0,0
BRDA:287,16,0,0
BRDA:287,17,0,0
BRDA:287,17,1,0
BRDA:335,18,0,0
BRDA:335,18,1,0
BRDA:427,19,0,0
BRDA:427,19,1,0
BRDA:427,20,0,0
BRDA:427,20,1,0
BRDA:471,21,0,0
BRDA:472,22,0,0
BRF:35
BRH:0
end_of_record
TN:
SF:src/utils/rateLimiter.ts
FN:39,(anonymous_0)
FN:53,(anonymous_1)
FN:82,(anonymous_2)
FN:89,(anonymous_3)
FN:91,(anonymous_4)
FN:101,(anonymous_5)
FN:103,(anonymous_6)
FN:114,(anonymous_7)
FN:116,(anonymous_8)
FN:130,(anonymous_9)
FN:150,(anonymous_10)
FN:156,(anonymous_11)
FN:157,(anonymous_12)
FN:178,(anonymous_13)
FN:186,(anonymous_14)
FN:187,(anonymous_15)
FN:190,(anonymous_16)
FN:197,(anonymous_17)
FN:214,(anonymous_18)
FN:226,(anonymous_19)
FN:229,(anonymous_20)
FN:236,(anonymous_21)
FN:241,(anonymous_22)
FN:242,(anonymous_23)
FN:243,(anonymous_24)
FN:260,(anonymous_25)
FN:276,(anonymous_26)
FN:293,(anonymous_27)
FN:299,(anonymous_28)
FN:318,(anonymous_29)
FNF:30
FNH:0
FNDA:0,(anonymous_0)
FNDA:0,(anonymous_1)
FNDA:0,(anonymous_2)
FNDA:0,(anonymous_3)
FNDA:0,(anonymous_4)
FNDA:0,(anonymous_5)
FNDA:0,(anonymous_6)
FNDA:0,(anonymous_7)
FNDA:0,(anonymous_8)
FNDA:0,(anonymous_9)
FNDA:0,(anonymous_10)
FNDA:0,(anonymous_11)
FNDA:0,(anonymous_12)
FNDA:0,(anonymous_13)
FNDA:0,(anonymous_14)
FNDA:0,(anonymous_15)
FNDA:0,(anonymous_16)
FNDA:0,(anonymous_17)
FNDA:0,(anonymous_18)
FNDA:0,(anonymous_19)
FNDA:0,(anonymous_20)
FNDA:0,(anonymous_21)
FNDA:0,(anonymous_22)
FNDA:0,(anonymous_23)
FNDA:0,(anonymous_24)
FNDA:0,(anonymous_25)
FNDA:0,(anonymous_26)
FNDA:0,(anonymous_27)
FNDA:0,(anonymous_28)
FNDA:0,(anonymous_29)
DA:26,1
DA:29,0
DA:30,0
DA:31,0
DA:32,0
DA:33,0
DA:40,0
DA:46,0
DA:49,0
DA:50,0
DA:54,0
DA:56,0
DA:59,0
DA:60,0
DA:61,0
DA:62,0
DA:63,0
DA:64,0
DA:68,0
DA:70,0
DA:71,0
DA:73,0
DA:74,0
DA:77,0
DA:78,0
DA:83,0
DA:86,0
DA:89,0
DA:90,0
DA:91,0
DA:92,0
DA:94,0
DA:95,0
DA:96,0
DA:97,0
DA:101,0
DA:102,0
DA:103,0
DA:104,0
DA:106,0
DA:107,0
DA:108,0
DA:109,0
DA:113,0
DA:114,0
DA:115,0
DA:116,0
DA:117,0
DA:119,0
DA:120,0
DA:121,0
DA:122,0
DA:127,0
DA:131,0
DA:134,0
DA:137,0
DA:138,0
DA:139,0
DA:140,0
DA:141,0
DA:142,0
DA:146,0
DA:147,0
DA:151,0
DA:152,0
DA:153,0
DA:156,0
DA:157,0
DA:159,0
DA:160,0
DA:161,0
DA:162,0
DA:163,0
DA:164,0
DA:167,0
DA:168,0
DA:169,0
DA:170,0
DA:171,0
DA:172,0
DA:175,0
DA:179,0
DA:180,0
DA:182,0
DA:183,0
DA:187,0
DA:191,0
DA:192,0
DA:194,0
DA:198,0
DA:201,0
DA:202,0
DA:203,0
DA:205,0
DA:207,0
DA:215,0
DA:216,0
DA:217,0
DA:218,0
DA:219,0
DA:220,0
DA:221,0
DA:223,0
DA:227,0
DA:228,0
DA:229,0
DA:231,0
DA:232,0
DA:237,0
DA:238,0
DA:240,0
DA:241,0
DA:242,0
DA:243,0
DA:251,0
DA:252,0
DA:253,0
DA:254,0
DA:257,0
DA:261,0
DA:262,0
DA:265,0
DA:266,0
DA:269,0
DA:277,0
DA:280,0
DA:281,0
DA:285,0
DA:287,0
DA:288,0
DA:292,0
DA:293,0
DA:294,0
DA:300,0
DA:303,0
DA:304,0
DA:307,0
DA:308,0
DA:312,0
DA:314,0
DA:318,0
DA:319,0
LF:142
LH:1
BRDA:59,0,0,0
BRDA:68,1,0,0
BRDA:68,1,1,0
BRDA:68,1,2,0
BRDA:68,1,3,0
BRDA:90,2,0,0
BRDA:102,3,0,0
BRDA:113,4,0,0
BRDA:115,5,0,0
BRDA:137,6,0,0
BRDA:159,7,0,0
BRDA:167,8,0,0
BRDA:231,9,0,0
BRDA:251,10,0,0
BRDA:265,11,0,0
BRDA:265,12,0,0
BRDA:265,12,1,0
BRDA:280,13,0,0
BRDA:285,14,0,0
BRDA:285,14,1,0
BRDA:285,14,2,0
BRDA:303,15,0,0
BRDA:307,16,0,0
BRDA:312,17,0,0
BRDA:312,17,1,0
BRDA:312,17,2,0
BRDA:319,18,0,0
BRDA:319,18,1,0
BRF:28
BRH:0
end_of_record
